<?xml version="1.0" encoding="UTF-8"?>
<robot generator="Robot 7.1.1 (Python 3.11.2 on darwin)" generated="2024-11-14T17:17:45.183361" rpa="false" schemaversion="5">
<suite id="s1" name="Tests" source="/Users/erikstandard/Desktop/ohtu_palautukset_24/viikko3/webcounter copy/src/tests">
<suite id="s1-s1" name="Increment" source="/Users/erikstandard/Desktop/ohtu_palautukset_24/viikko3/webcounter copy/src/tests/increment.robot">
<kw name="Open And Configure Browser" owner="resource" type="SETUP">
<kw name="Set Selenium Speed" owner="SeleniumLibrary">
<arg>${DELAY}</arg>
<doc>Sets the delay that is waited after each Selenium command.</doc>
<status status="PASS" start="2024-11-14T17:17:45.264489" elapsed="0.000113"/>
</kw>
<kw name="Open Browser" owner="SeleniumLibrary">
<msg time="2024-11-14T17:17:45.265000" level="INFO">Opening browser 'chrome' to base url 'None'.</msg>
<msg time="2024-11-14T17:17:50.861341" level="WARN">The chromedriver version (130.0.6723.116) detected in PATH at /usr/local/bin/chromedriver/chromedriver might not be compatible with the detected chrome version (131.0.6778.70); currently, chromedriver 131.0.6778.69 is recommended for chrome 131.*, so it is advised to delete the driver in PATH and retry</msg>
<arg>browser=${BROWSER}</arg>
<doc>Opens a new browser instance to the optional ``url``.</doc>
<status status="PASS" start="2024-11-14T17:17:45.264895" elapsed="7.861870"/>
</kw>
<status status="PASS" start="2024-11-14T17:17:45.264209" elapsed="7.862979"/>
</kw>
<test id="s1-s1-t1" name="At start the counter is zero" line="7">
<kw name="Go To" owner="SeleniumLibrary">
<msg time="2024-11-14T17:17:53.128703" level="INFO">Opening url 'http://localhost:5001'</msg>
<arg>${HOME_URL}</arg>
<doc>Navigates the current browser window to the provided ``url``.</doc>
<status status="PASS" start="2024-11-14T17:17:53.128385" elapsed="0.680296"/>
</kw>
<kw name="Title Should Be" owner="SeleniumLibrary">
<msg time="2024-11-14T17:17:54.321866" level="INFO">Page title is 'Laskuri'.</msg>
<arg>Laskuri</arg>
<doc>Verifies that the current page title equals ``title``.</doc>
<status status="PASS" start="2024-11-14T17:17:53.809081" elapsed="0.512932"/>
</kw>
<kw name="Page Should Contain" owner="SeleniumLibrary">
<msg time="2024-11-14T17:17:55.362607" level="INFO">Current page contains text 'nappia painettu 0 kertaa'.</msg>
<arg>nappia painettu 0 kertaa</arg>
<doc>Verifies that current page contains ``text``.</doc>
<status status="PASS" start="2024-11-14T17:17:54.322286" elapsed="1.040466"/>
</kw>
<status status="PASS" start="2024-11-14T17:17:53.127359" elapsed="2.235703"/>
</test>
<test id="s1-s1-t2" name="When button pressed twice the counter is two" line="12">
<kw name="Go To" owner="SeleniumLibrary">
<msg time="2024-11-14T17:17:55.364148" level="INFO">Opening url 'http://localhost:5001'</msg>
<arg>${HOME_URL}</arg>
<doc>Navigates the current browser window to the provided ``url``.</doc>
<status status="PASS" start="2024-11-14T17:17:55.363715" elapsed="0.520320"/>
</kw>
<kw name="Click Button" owner="SeleniumLibrary">
<msg time="2024-11-14T17:17:55.886558" level="INFO">Clicking button 'Paina'.</msg>
<arg>Paina</arg>
<doc>Clicks the button identified by ``locator``.</doc>
<status status="PASS" start="2024-11-14T17:17:55.885420" elapsed="1.681666"/>
</kw>
<kw name="Click Button" owner="SeleniumLibrary">
<msg time="2024-11-14T17:17:57.568882" level="INFO">Clicking button 'Paina'.</msg>
<arg>Paina</arg>
<doc>Clicks the button identified by ``locator``.</doc>
<status status="PASS" start="2024-11-14T17:17:57.568134" elapsed="1.575376"/>
</kw>
<kw name="Page Should Contain" owner="SeleniumLibrary">
<msg time="2024-11-14T17:18:00.171329" level="INFO">Current page contains text 'nappia painettu 2 kertaa'.</msg>
<arg>nappia painettu 2 kertaa</arg>
<doc>Verifies that current page contains ``text``.</doc>
<status status="PASS" start="2024-11-14T17:17:59.144278" elapsed="1.027355"/>
</kw>
<status status="PASS" start="2024-11-14T17:17:55.363315" elapsed="4.809045"/>
</test>
<kw name="Close Browser" owner="SeleniumLibrary" type="TEARDOWN">
<doc>Closes the current browser.</doc>
<status status="PASS" start="2024-11-14T17:18:00.173788" elapsed="0.568183"/>
</kw>
<status status="PASS" start="2024-11-14T17:17:45.192039" elapsed="15.549983"/>
</suite>
<status status="PASS" start="2024-11-14T17:17:45.183862" elapsed="15.558539"/>
</suite>
<statistics>
<total>
<stat pass="2" fail="0" skip="0">All Tests</stat>
</total>
<tag>
</tag>
<suite>
<stat pass="2" fail="0" skip="0" id="s1" name="Tests">Tests</stat>
<stat pass="2" fail="0" skip="0" id="s1-s1" name="Increment">Tests.Increment</stat>
</suite>
</statistics>
<errors>
<msg time="2024-11-14T17:17:50.861341" level="WARN">The chromedriver version (130.0.6723.116) detected in PATH at /usr/local/bin/chromedriver/chromedriver might not be compatible with the detected chrome version (131.0.6778.70); currently, chromedriver 131.0.6778.69 is recommended for chrome 131.*, so it is advised to delete the driver in PATH and retry</msg>
</errors>
</robot>
